Core Developer Written for node
Main Project Extraction COMPLETE!!!
Exception Occurred While Getting Rate Limits: Timeout
Exception Occurred While Getting COMMITS: Timeout
Failed to get commits from this project (409 Empty: Ignoring Repo): nodejs/nodejs-sv
Failed to get commits from this project (409 Empty: Ignoring Repo): nodejs/nodejs-cs
Exception Occurred While Getting Rate Limits: Timeout
Exception Occurred While Getting Rate Limits: Timeout
Exception Occurred While Getting Rate Limits: Github 502 {'message': 'Server Error'}
Exception Occurred While Getting Rate Limits: Github 502 {'message': 'Server Error'}
Exception Occurred While Getting Rate Limits: Timeout
Exception Occurred While Getting Rate Limits: Timeout
Exception Occurred While Getting Rate Limits: Timeout
Exception Occurred While Getting Rate Limits: Timeout
Side Projects Extraction COMPLETE!!!
Organization commits merged with  NG
Organization commits merged with  nodejs-ja
Organization commits merged with  code-and-learn
Organization commits merged with  nodejs-ka
Organization commits merged with  evangelism
Organization commits merged with  inclusivity-slack-inviter
Organization commits merged with  build-containers
Organization commits merged with  nodejs.dev
Organization commits merged with  open-standards
Organization commits merged with  commit-queue
Organization commits merged with  nodejs-fr
Organization commits merged with  node-report
Organization commits merged with  node-auto-test
Organization commits merged with  iojs.org
Organization commits merged with  promise-use-cases
Organization commits merged with  user-feedback
Organization commits merged with  nodejs-fi
Organization commits merged with  roadmap
Organization commits merged with  ecmascript-modules
Organization commits merged with  nodejs-ko
Organization commits merged with  changelog-maker
Organization commits merged with  build-container-sync
Organization commits merged with  TSC
Organization commits merged with  nodejs-he
Organization commits merged with  nodejs-tr
Organization commits merged with  api
Organization commits merged with  llparse
Organization commits merged with  perfetto-nodejs-wip
Organization commits merged with  nodejs-ta
Organization commits merged with  dynamic-modules
Organization commits merged with  tooling
Organization commits merged with  modules
Organization commits merged with  benchmarking
Organization commits merged with  build
Organization commits merged with  nodejs-pt
Organization commits merged with  node-convergence-archive
Organization commits merged with  badges
Organization commits merged with  Intl
Organization commits merged with  live.nodejs.org
Organization commits merged with  node-review
Organization commits merged with  email
Organization commits merged with  make-node-meeting
Organization commits merged with  doc-tool
Organization commits merged with  llhttp
Organization commits merged with  admin
Organization commits merged with  CTC
Organization commits merged with  testing
Organization commits merged with  security-advisories
Organization commits merged with  post-mortem
Organization commits merged with  package-compliant
Organization commits merged with  vm
Organization commits merged with  inclusivity
Organization commits merged with  node-addon-api
Organization commits merged with  nodejs-it
Organization commits merged with  nodetogether
Organization commits merged with  outreach
Organization commits merged with  nodejs-vi
Organization commits merged with  community-committee
Organization commits merged with  core-validate-commit
Organization commits merged with  llnode
Organization commits merged with  automation
Organization commits merged with  docker-iojs
Organization commits merged with  summit
Organization commits merged with  node-code-ide-configs
Organization commits merged with  promises
Organization commits merged with  nodejs-no
Organization commits merged with  llparse-test-fixture
Organization commits merged with  help
Organization commits merged with  nodejs-fa
Organization commits merged with  nodejs.org-new
Organization commits merged with  branch-diff
Organization commits merged with  http
Organization commits merged with  http2
Organization commits merged with  website-redesign
Organization commits merged with  getting-started
Organization commits merged with  nodejs-nightly-builder
Organization commits merged with  node-addon-examples
Organization commits merged with  nan
Organization commits merged with  abi-stable-node
Organization commits merged with  promises-debugging
Organization commits merged with  nodejs-zh-TW
Organization commits merged with  nodejs-es
Organization commits merged with  hardware
Organization commits merged with  mentorship
Organization commits merged with  node-eps
Organization commits merged with  nodejs-bn
Organization commits merged with  foundation.nodejs.org
Organization commits merged with  nodejs-el
Organization commits merged with  Gzemnid
Organization commits merged with  nodejs-latest-linker
Organization commits merged with  logos
Organization commits merged with  readable-stream
Organization commits merged with  nodejs-da
Organization commits merged with  i18n
Organization commits merged with  commit-stream
Organization commits merged with  meeting-picker
Organization commits merged with  nodejs-uk
Organization commits merged with  http-parser
Organization commits merged with  nodejs.org
Organization commits merged with  package-maintenance
Organization commits merged with  citgm
Organization commits merged with  string_decoder
Organization commits merged with  Release
Organization commits merged with  nodejs-ms
Organization commits merged with  nodejs-bg
Organization commits merged with  node-version-jenkins-plugin
Organization commits merged with  repl
Organization commits merged with  abi-stable-node-addon-examples
Organization commits merged with  version-management
Organization commits merged with  bot-love
Organization commits merged with  wishlist
Organization commits merged with  node.js.org
Organization commits merged with  nodejs-pl
Organization commits merged with  github-bot
Organization commits merged with  dev-policy
Organization commits merged with  diagnostics
Organization commits merged with  nodejs-de
Organization commits merged with  nodejs-collection
Organization commits merged with  quic
Organization commits merged with  node-chakracore
Organization commits merged with  nodejs-mk
Organization commits merged with  security-wg
Organization commits merged with  remark-preset-lint-node
Organization commits merged with  smoke-test
Organization commits merged with  nodejs-zh-CN
Organization commits merged with  docs
Organization commits merged with  nodejs-hu
Organization commits merged with  node-core-utils
Organization commits merged with  unofficial-builds
Organization commits merged with  create-node-meeting-artifacts
Organization commits merged with  installer
Organization commits merged with  nodejs-dist-indexer
Organization commits merged with  node-v8
Organization commits merged with  board
Organization commits merged with  lts-schedule
Organization commits merged with  enterprise-advisory-group
Organization commits merged with  nodejs-hi
Organization commits merged with  community-events
Organization commits merged with  foundation-slides
Organization commits merged with  node-inspect
Organization commits merged with  nodejs-sw
Organization commits merged with  nodejs-ru
Organization commits merged with  docker-node
Organization commits merged with  nodejs-ar
Organization commits merged with  reliability
Organization commits merged with  nodejs-nl
Organization commits merged with  contribution-slides
Organization commits merged with  nodejs-id
Organization commits merged with  node-gyp
Organization commits merged with  napi-test-suite
Organization commits merged with  whatwg-stream
Organization commits merged with  node-v0.x-archive
Organization commits merged with  education
Organization commits merged with  nodejs.org-archive
Organization commits merged with  v8
Organization commits merged with  node-meeting-agenda
Organization commits merged with  Future-CI
ALL Organization commits merged
Organization Commit Table CSV Written
Organization Inactivity Computation Done
