Exception Occurred While Getting ISSUES EVENTS: Github
Exception Occurred While Getting ISSUES EVENTS: Timeout
Exception Occurred While Getting ISSUES EVENTS: Github
Exception Occurred While Getting ISSUES EVENTS: Timeout
Exception Occurred While Getting ISSUES EVENTS: Github
Exception Occurred While Getting ISSUES EVENTS: Timeout
Exception Occurred While Getting ISSUES EVENTS: Github
Exception Occurred While Getting ISSUES EVENTS: Timeout
Exception Occurred While Getting ISSUES EVENTS: Github
Exception Occurred While Getting ISSUES EVENTS: Timeout
Exception Occurred While Getting ISSUES EVENTS: Timeout
Exception Occurred While Getting ISSUES EVENTS: Timeout
Exception Occurred While Getting ISSUES EVENTS: Github
Exception Occurred While Getting ISSUES EVENTS: Github
Exception Occurred While Getting ISSUES EVENTS: Timeout
Exception Occurred While Getting ISSUES EVENTS: Github
Exception Occurred While Getting ISSUES EVENTS: Timeout
Exception Occurred While Getting ISSUES EVENTS: Github
Exception Occurred While Getting ISSUES EVENTS: Github
Exception Occurred While Getting ISSUES EVENTS: Timeout
Exception Occurred While Getting ISSUES EVENTS: Github
Exception Occurred While Getting ISSUES EVENTS: Github
Exception Occurred While Getting ISSUES EVENTS: Timeout
Exception Occurred While Getting ISSUES EVENTS: Timeout
Exception Occurred While Getting ISSUES EVENTS: Github
Exception Occurred While Getting ISSUES EVENTS: Github
Exception Occurred While Getting ISSUES EVENTS: Timeout
Exception Occurred While Getting ISSUES EVENTS: Timeout
Exception Occurred While Getting ISSUES EVENTS: Timeout
Exception Occurred While Getting ISSUES EVENTS: Github
Exception Occurred While Getting ISSUES EVENTS: Github
Exception Occurred While Getting ISSUES EVENTS: Github
Exception Occurred While Getting ISSUES EVENTS: Github
Exception Occurred While Getting ISSUES EVENTS: Github
Exception Occurred While Getting ISSUES EVENTS: Github
Exception Occurred While Getting ISSUES EVENTS: Github
Exception Occurred While Getting ISSUES EVENTS: Github
Exception Occurred While Getting ISSUES EVENTS: Github
Exception Occurred While Getting ISSUES EVENTS: Github
Exception Occurred While Getting ISSUES EVENTS: Github
Exception Occurred While Getting ISSUES EVENTS: Github
Exception Occurred While Getting ISSUES EVENTS: Github
Exception Occurred While Getting ISSUES EVENTS: Github
Exception Occurred While Getting ISSUES EVENTS: Github
Exception Occurred While Getting ISSUES EVENTS: Github
Exception Occurred While Getting ISSUES EVENTS: Github
Exception Occurred While Getting ISSUES EVENTS: Github
Exception Occurred While Getting ISSUES EVENTS: Github
Exception Occurred While Getting ISSUES EVENTS: Github
Exception Occurred While Getting ISSUES EVENTS: Github
Exception Occurred While Getting ISSUES EVENTS: Github
Exception Occurred While Getting ISSUES EVENTS: Github
Exception Occurred While Getting ISSUES EVENTS: Github
Exception Occurred While Getting ISSUES EVENTS: Github
Exception Occurred While Getting ISSUES EVENTS: Github
Exception Occurred While Getting ISSUES EVENTS: Github
Exception Occurred While Getting ISSUES EVENTS: Github
Exception Occurred While Getting ISSUES EVENTS: Github
Exception Occurred While Getting ISSUES EVENTS: Github
Exception Occurred While Getting ISSUES EVENTS: Github
Exception Occurred While Getting ISSUES EVENTS: Github
Exception Occurred While Getting ISSUES EVENTS: Github
Exception Occurred While Getting ISSUES EVENTS: Github
Exception Occurred While Getting ISSUES EVENTS: Github
Exception Occurred While Getting ISSUES EVENTS: Github
Exception Occurred While Getting ISSUES EVENTS: Github
Exception Occurred While Getting ISSUES EVENTS: Github
Exception Occurred While Getting ISSUES EVENTS: Github
Exception Occurred While Getting ISSUES EVENTS: Github
Exception Occurred While Getting ISSUES EVENTS: Github
Exception Occurred While Getting ISSUES EVENTS: Github
Exception Occurred While Getting ISSUES EVENTS: Github
Exception Occurred While Getting ISSUES EVENTS: Github
Exception Occurred While Getting ISSUES EVENTS: Github
Exception Occurred While Getting ISSUES EVENTS: Github
Exception Occurred While Getting ISSUES EVENTS: Github
Exception Occurred While Getting ISSUES EVENTS: Github
Exception Occurred While Getting ISSUES EVENTS: Github
Exception Occurred While Getting ISSUES EVENTS: Github
Exception Occurred While Getting ISSUES EVENTS: Github
Exception Occurred While Getting ISSUES EVENTS: Github
Exception Occurred While Getting ISSUES EVENTS: Github
Exception Occurred While Getting ISSUES EVENTS: Github
Exception Occurred While Getting ISSUES EVENTS: Github
Exception Occurred While Getting ISSUES EVENTS: Github
Exception Occurred While Getting ISSUES EVENTS: Github
Exception Occurred While Getting ISSUES EVENTS: Github
Exception Occurred While Getting ISSUES EVENTS: Github
Exception Occurred While Getting ISSUES EVENTS: Github
Exception Occurred While Getting ISSUES EVENTS: Github
Exception Occurred While Getting ISSUES EVENTS: Github
Exception Occurred While Getting ISSUES EVENTS: Github
Exception Occurred While Getting ISSUES EVENTS: Github
Exception Occurred While Getting ISSUES EVENTS: Github
Exception Occurred While Getting ISSUES EVENTS: Github
Exception Occurred While Getting ISSUES EVENTS: Github
Exception Occurred While Getting ISSUES EVENTS: Github
Exception Occurred While Getting ISSUES EVENTS: Github
Exception Occurred While Getting ISSUES EVENTS: Github
Exception Occurred While Getting ISSUES EVENTS: Github
Exception Occurred While Getting ISSUES EVENTS: Github
Exception Occurred While Getting ISSUES EVENTS: Github
Exception Occurred While Getting ISSUES EVENTS: Github
Exception Occurred While Getting ISSUES EVENTS: Github
Exception Occurred While Getting ISSUES EVENTS: Github
Exception Occurred While Getting ISSUES EVENTS: Github
Exception Occurred While Getting ISSUES EVENTS: Github
Exception Occurred While Getting ISSUES EVENTS: Github
Exception Occurred While Getting ISSUES EVENTS: Timeout
Exception Occurred While Getting ISSUES EVENTS: Timeout
Exception Occurred While Getting ISSUES EVENTS: Timeout
Exception Occurred While Getting ISSUES EVENTS: Github
Exception Occurred While Getting ISSUES EVENTS: Github
Exception Occurred While Getting ISSUES EVENTS: Github
Exception Occurred While Getting ISSUES EVENTS: Github
Exception Occurred While Getting ISSUES EVENTS: Github
Exception Occurred While Getting ISSUES EVENTS: Github
Exception Occurred While Getting ISSUES EVENTS: Github
Exception Occurred While Getting ISSUES EVENTS: Github
Exception Occurred While Getting ISSUES EVENTS: Github
Exception Occurred While Getting ISSUES EVENTS: Timeout
Exception Occurred While Getting ISSUES EVENTS: Github
Exception Occurred While Getting ISSUES EVENTS: Github
Exception Occurred While Getting ISSUES EVENTS: Timeout
Exception Occurred While Getting ISSUES EVENTS: Timeout
Exception Occurred While Getting ISSUES EVENTS: Github
Exception Occurred While Getting ISSUES EVENTS: Timeout
Exception Occurred While Getting ISSUES EVENTS: Github
Exception Occurred While Getting ISSUES EVENTS: Github
Exception Occurred While Getting ISSUES EVENTS: Timeout
Exception Occurred While Getting ISSUES EVENTS: Timeout
Exception Occurred While Getting ISSUES EVENTS: Github
Exception Occurred While Getting ISSUES EVENTS: Timeout
Exception Occurred While Getting ISSUES EVENTS: Github
Exception Occurred While Getting ISSUES EVENTS: Timeout
Exception Occurred While Getting ISSUES EVENTS: Github
Exception Occurred While Getting ISSUES EVENTS: Timeout
Exception Occurred While Getting ISSUES EVENTS: Timeout
Exception Occurred While Getting ISSUES EVENTS: Github
Exception Occurred While Getting ISSUES EVENTS: Timeout
Exception Occurred While Getting ISSUES EVENTS: Github
Exception Occurred While Getting ISSUES EVENTS: Github
Exception Occurred While Getting ISSUES EVENTS: Timeout
Exception Occurred While Getting ISSUES EVENTS: Timeout
Exception Occurred While Getting ISSUES EVENTS: Github
Exception Occurred While Getting ISSUES EVENTS: Github
Exception Occurred While Getting ISSUES EVENTS: Github
Exception Occurred While Getting ISSUES EVENTS: Timeout
Exception Occurred While Getting ISSUES EVENTS: Github
Exception Occurred While Getting ISSUES EVENTS: Github
Exception Occurred While Getting ISSUES EVENTS: Github
Exception Occurred While Getting ISSUES EVENTS: Timeout
Exception Occurred While Getting ISSUES EVENTS: Github
Exception Occurred While Getting ISSUES EVENTS: Github
Exception Occurred While Getting ISSUES EVENTS: Github
Exception Occurred While Getting ISSUES EVENTS: Timeout
Exception Occurred While Getting ISSUES EVENTS: Timeout
Exception Occurred While Getting ISSUES EVENTS: Github
Exception Occurred While Getting ISSUES EVENTS: Timeout
Exception Occurred While Getting ISSUES EVENTS: Github
Exception Occurred While Getting ISSUES EVENTS: Timeout
Exception Occurred While Getting ISSUES EVENTS: Github
Exception Occurred While Getting ISSUES EVENTS: Github
Exception Occurred While Getting ISSUES EVENTS: Github
Exception Occurred While Getting ISSUES EVENTS: Timeout
Exception Occurred While Getting ISSUES EVENTS: Github
Exception Occurred While Getting ISSUES EVENTS: Timeout
Exception Occurred While Getting ISSUES EVENTS: Github
Exception Occurred While Getting ISSUES EVENTS: Github
Exception Occurred While Getting ISSUES EVENTS: Timeout
Exception Occurred While Getting ISSUES EVENTS: Github
Exception Occurred While Getting ISSUES EVENTS: Timeout
Exception Occurred While Getting ISSUES EVENTS: Github
Exception Occurred While Getting ISSUES EVENTS: Timeout
Exception Occurred While Getting ISSUES EVENTS: Github
Exception Occurred While Getting ISSUES EVENTS: Github
Exception Occurred While Getting ISSUES EVENTS: Github
Exception Occurred While Getting ISSUES EVENTS: Timeout
Exception Occurred While Getting ISSUES EVENTS: Timeout
Repository(full_name="nodejs/node"): Issues Events Extraction Complete
gengjiawen: Issues/Pulls Extraction Complete
gengjiawen: Issues Comments Extraction Complete
gengjiawen: Pulls Comments Extraction Complete
gengjiawen: Issues Events Extraction Complete
Complete gengjiawen: Developer 1 of 67 Index is 0
ZYSzys: Issues/Pulls Extraction Complete
ZYSzys: Issues Comments Extraction Complete
ZYSzys: Pulls Comments Extraction Complete
ZYSzys: Issues Events Extraction Complete
Complete ZYSzys: Developer 2 of 67 Index is 1
oyyd: Issues/Pulls Extraction Complete
oyyd: Issues Comments Extraction Complete
oyyd: Pulls Comments Extraction Complete
oyyd: Issues Events Extraction Complete
Complete oyyd: Developer 3 of 67 Index is 2
shisama: Issues/Pulls Extraction Complete
shisama: Issues Comments Extraction Complete
shisama: Pulls Comments Extraction Complete
shisama: Issues Events Extraction Complete
Complete shisama: Developer 4 of 67 Index is 3
ryzokuken: Issues/Pulls Extraction Complete
ryzokuken: Issues Comments Extraction Complete
ryzokuken: Pulls Comments Extraction Complete
ryzokuken: Issues Events Extraction Complete
Complete ryzokuken: Developer 5 of 67 Index is 4
mmarchini: Issues/Pulls Extraction Complete
mmarchini: Issues Comments Extraction Complete
mmarchini: Pulls Comments Extraction Complete
mmarchini: Issues Events Extraction Complete
Complete mmarchini: Developer 6 of 67 Index is 5
devsnek: Issues/Pulls Extraction Complete
devsnek: Issues Comments Extraction Complete
devsnek: Pulls Comments Extraction Complete
devsnek: Issues Events Extraction Complete
Complete devsnek: Developer 7 of 67 Index is 6
guybedford: Issues/Pulls Extraction Complete
guybedford: Issues Comments Extraction Complete
guybedford: Pulls Comments Extraction Complete
guybedford: Issues Events Extraction Complete
Complete guybedford: Developer 8 of 67 Index is 7
apapirovski: Issues/Pulls Extraction Complete
apapirovski: Issues Comments Extraction Complete
apapirovski: Pulls Comments Extraction Complete
apapirovski: Issues Events Extraction Complete
Complete apapirovski: Developer 9 of 67 Index is 8
maclover7: Issues/Pulls Extraction Complete
maclover7: Issues Comments Extraction Complete
maclover7: Pulls Comments Extraction Complete
maclover7: Issues Events Extraction Complete
Complete maclover7: Developer 10 of 67 Index is 9
starkwang: Issues/Pulls Extraction Complete
starkwang: Issues Comments Extraction Complete
starkwang: Pulls Comments Extraction Complete
starkwang: Issues Events Extraction Complete
Complete starkwang: Developer 11 of 67 Index is 10
BridgeAR: Issues/Pulls Extraction Complete
BridgeAR: Issues Comments Extraction Complete
BridgeAR: Pulls Comments Extraction Complete
BridgeAR: Issues Events Extraction Complete
Complete BridgeAR: Developer 12 of 67 Index is 11
gabrielschulhof: Issues/Pulls Extraction Complete
gabrielschulhof: Issues Comments Extraction Complete
gabrielschulhof: Pulls Comments Extraction Complete
gabrielschulhof: Issues Events Extraction Complete
Complete gabrielschulhof: Developer 13 of 67 Index is 12
refack: Issues/Pulls Extraction Complete
refack: Issues Comments Extraction Complete
refack: Pulls Comments Extraction Complete
refack: Issues Events Extraction Complete
Complete refack: Developer 14 of 67 Index is 13
tniessen: Issues/Pulls Extraction Complete
tniessen: Issues Comments Extraction Complete
tniessen: Pulls Comments Extraction Complete
tniessen: Issues Events Extraction Complete
Complete tniessen: Developer 15 of 67 Index is 14
hashseed: Issues/Pulls Extraction Complete
hashseed: Issues Comments Extraction Complete
hashseed: Pulls Comments Extraction Complete
hashseed: Issues Events Extraction Complete
Complete hashseed: Developer 16 of 67 Index is 15
joyeecheung: Issues/Pulls Extraction Complete
joyeecheung: Issues Comments Extraction Complete
joyeecheung: Pulls Comments Extraction Complete
joyeecheung: Issues Events Extraction Complete
Complete joyeecheung: Developer 17 of 67 Index is 16
shigeki: Issues/Pulls Extraction Complete
shigeki: Issues Comments Extraction Complete
shigeki: Pulls Comments Extraction Complete
shigeki: Issues Events Extraction Complete
Complete shigeki: Developer 18 of 67 Index is 17
not-an-aardvark: Issues/Pulls Extraction Complete
not-an-aardvark: Issues Comments Extraction Complete
not-an-aardvark: Pulls Comments Extraction Complete
not-an-aardvark: Issues Events Extraction Complete
Complete not-an-aardvark: Developer 19 of 67 Index is 18
fhinkel: Issues/Pulls Extraction Complete
fhinkel: Issues Comments Extraction Complete
fhinkel: Pulls Comments Extraction Complete
fhinkel: Issues Events Extraction Complete
Complete fhinkel: Developer 20 of 67 Index is 19
BethGriggs: Issues/Pulls Extraction Complete
BethGriggs: Issues Comments Extraction Complete
BethGriggs: Pulls Comments Extraction Complete
BethGriggs: Issues Events Extraction Complete
Complete BethGriggs: Developer 21 of 67 Index is 20
danbev: Issues/Pulls Extraction Complete
danbev: Issues Comments Extraction Complete
danbev: Pulls Comments Extraction Complete
danbev: Issues Events Extraction Complete
Complete danbev: Developer 22 of 67 Index is 21
bzoz: Issues/Pulls Extraction Complete
bzoz: Issues Comments Extraction Complete
bzoz: Pulls Comments Extraction Complete
bzoz: Issues Events Extraction Complete
Complete bzoz: Developer 23 of 67 Index is 22
eugeneo: Issues/Pulls Extraction Complete
eugeneo: Issues Comments Extraction Complete
eugeneo: Pulls Comments Extraction Complete
eugeneo: Issues Events Extraction Complete
Complete eugeneo: Developer 24 of 67 Index is 23
vsemozhetbyt: Issues/Pulls Extraction Complete
vsemozhetbyt: Issues Comments Extraction Complete
vsemozhetbyt: Pulls Comments Extraction Complete
vsemozhetbyt: Issues Events Extraction Complete
Complete vsemozhetbyt: Developer 25 of 67 Index is 24
lance: Issues/Pulls Extraction Complete
lance: Issues Comments Extraction Complete
lance: Pulls Comments Extraction Complete
lance: Issues Events Extraction Complete
Complete lance: Developer 26 of 67 Index is 25
watilde: Issues/Pulls Extraction Complete
watilde: Issues Comments Extraction Complete
watilde: Pulls Comments Extraction Complete
watilde: Issues Events Extraction Complete
Complete watilde: Developer 27 of 67 Index is 26
AndreasMadsen: Issues/Pulls Extraction Complete
AndreasMadsen: Issues Comments Extraction Complete
AndreasMadsen: Pulls Comments Extraction Complete
AndreasMadsen: Issues Events Extraction Complete
Complete AndreasMadsen: Developer 28 of 67 Index is 27
gibfahn: Issues/Pulls Extraction Complete
gibfahn: Issues Comments Extraction Complete
gibfahn: Pulls Comments Extraction Complete
gibfahn: Issues Events Extraction Complete
Complete gibfahn: Developer 29 of 67 Index is 28
richardlau: Issues/Pulls Extraction Complete
richardlau: Issues Comments Extraction Complete
richardlau: Pulls Comments Extraction Complete
richardlau: Issues Events Extraction Complete
Complete richardlau: Developer 30 of 67 Index is 29
addaleax: Issues/Pulls Extraction Complete
addaleax: Issues Comments Extraction Complete
addaleax: Pulls Comments Extraction Complete
addaleax: Issues Events Extraction Complete
Complete addaleax: Developer 31 of 67 Index is 30
lpinca: Issues/Pulls Extraction Complete
lpinca: Issues Comments Extraction Complete
lpinca: Pulls Comments Extraction Complete
lpinca: Issues Events Extraction Complete
Complete lpinca: Developer 32 of 67 Index is 31
bengl: Issues/Pulls Extraction Complete
bengl: Issues Comments Extraction Complete
bengl: Pulls Comments Extraction Complete
bengl: Issues Events Extraction Complete
Complete bengl: Developer 33 of 67 Index is 32
MylesBorins: Issues/Pulls Extraction Complete
MylesBorins: Issues Comments Extraction Complete
MylesBorins: Pulls Comments Extraction Complete
MylesBorins: Issues Events Extraction Complete
Complete MylesBorins: Developer 34 of 67 Index is 33
TimothyGu: Issues/Pulls Extraction Complete
TimothyGu: Issues Comments Extraction Complete
TimothyGu: Pulls Comments Extraction Complete
TimothyGu: Issues Events Extraction Complete
Complete TimothyGu: Developer 35 of 67 Index is 34
gireeshpunathil: Issues/Pulls Extraction Complete
gireeshpunathil: Issues Comments Extraction Complete
gireeshpunathil: Pulls Comments Extraction Complete
gireeshpunathil: Issues Events Extraction Complete
Complete gireeshpunathil: Developer 36 of 67 Index is 35
mcollina: Issues/Pulls Extraction Complete
mcollina: Issues Comments Extraction Complete
mcollina: Pulls Comments Extraction Complete
mcollina: Issues Events Extraction Complete
Complete mcollina: Developer 37 of 67 Index is 36
zkat: Issues/Pulls Extraction Complete
zkat: Issues Comments Extraction Complete
zkat: Pulls Comments Extraction Complete
zkat: Issues Events Extraction Complete
Complete zkat: Developer 38 of 67 Index is 37
joaocgreis: Issues/Pulls Extraction Complete
joaocgreis: Issues Comments Extraction Complete
joaocgreis: Pulls Comments Extraction Complete
joaocgreis: Issues Events Extraction Complete
Complete joaocgreis: Developer 39 of 67 Index is 38
Trott: Issues/Pulls Extraction Complete
Trott: Issues Comments Extraction Complete
Trott: Pulls Comments Extraction Complete
Trott: Issues Events Extraction Complete
Complete Trott: Developer 40 of 67 Index is 39
thefourtheye: Issues/Pulls Extraction Complete
thefourtheye: Issues Comments Extraction Complete
thefourtheye: Pulls Comments Extraction Complete
thefourtheye: Issues Events Extraction Complete
Complete thefourtheye: Developer 41 of 67 Index is 40
ChALkeR: Issues/Pulls Extraction Complete
ChALkeR: Issues Comments Extraction Complete
ChALkeR: Pulls Comments Extraction Complete
ChALkeR: Issues Events Extraction Complete
Complete ChALkeR: Developer 42 of 67 Index is 41
ofrobots: Issues/Pulls Extraction Complete
ofrobots: Issues Comments Extraction Complete
ofrobots: Pulls Comments Extraction Complete
ofrobots: Issues Events Extraction Complete
Complete ofrobots: Developer 43 of 67 Index is 42
santigimeno: Issues/Pulls Extraction Complete
santigimeno: Issues Comments Extraction Complete
santigimeno: Pulls Comments Extraction Complete
santigimeno: Issues Events Extraction Complete
Complete santigimeno: Developer 44 of 67 Index is 43
mhdawson: Issues/Pulls Extraction Complete
mhdawson: Issues Comments Extraction Complete
mhdawson: Pulls Comments Extraction Complete
mhdawson: Issues Events Extraction Complete
Complete mhdawson: Developer 45 of 67 Index is 44
targos: Issues/Pulls Extraction Complete
targos: Issues Comments Extraction Complete
targos: Pulls Comments Extraction Complete
targos: Issues Events Extraction Complete
Complete targos: Developer 46 of 67 Index is 45
Fishrock123: Issues/Pulls Extraction Complete
Fishrock123: Issues Comments Extraction Complete
Fishrock123: Pulls Comments Extraction Complete
Fishrock123: Issues Events Extraction Complete
Complete Fishrock123: Developer 47 of 67 Index is 46
silverwind: Issues/Pulls Extraction Complete
silverwind: Issues Comments Extraction Complete
silverwind: Pulls Comments Extraction Complete
silverwind: Issues Events Extraction Complete
Complete silverwind: Developer 48 of 67 Index is 47
mscdex: Issues/Pulls Extraction Complete
mscdex: Issues Comments Extraction Complete
mscdex: Pulls Comments Extraction Complete
mscdex: Issues Events Extraction Complete
Complete mscdex: Developer 49 of 67 Index is 48
evanlucas: Issues/Pulls Extraction Complete
evanlucas: Issues Comments Extraction Complete
evanlucas: Pulls Comments Extraction Complete
evanlucas: Issues Events Extraction Complete
Complete evanlucas: Developer 50 of 67 Index is 49
jasnell: Issues/Pulls Extraction Complete
jasnell: Issues Comments Extraction Complete
jasnell: Pulls Comments Extraction Complete
jasnell: Issues Events Extraction Complete
Complete jasnell: Developer 51 of 67 Index is 50
othiym23: Issues/Pulls Extraction Complete
othiym23: Issues Comments Extraction Complete
othiym23: Pulls Comments Extraction Complete
othiym23: Issues Events Extraction Complete
Complete othiym23: Developer 52 of 67 Index is 51
sam-github: Issues/Pulls Extraction Complete
sam-github: Issues Comments Extraction Complete
sam-github: Pulls Comments Extraction Complete
sam-github: Issues Events Extraction Complete
Complete sam-github: Developer 53 of 67 Index is 52
chrisdickinson: Issues/Pulls Extraction Complete
chrisdickinson: Issues Comments Extraction Complete
chrisdickinson: Pulls Comments Extraction Complete
chrisdickinson: Issues Events Extraction Complete
Complete chrisdickinson: Developer 54 of 67 Index is 53
srl295: Issues/Pulls Extraction Complete
srl295: Issues Comments Extraction Complete
srl295: Pulls Comments Extraction Complete
srl295: Issues Events Extraction Complete
Complete srl295: Developer 55 of 67 Index is 54
seishun: Issues/Pulls Extraction Complete
seishun: Issues Comments Extraction Complete
seishun: Pulls Comments Extraction Complete
seishun: Issues Events Extraction Complete
Complete seishun: Developer 56 of 67 Index is 55
cjihrig: Issues/Pulls Extraction Complete
cjihrig: Issues Comments Extraction Complete
cjihrig: Pulls Comments Extraction Complete
cjihrig: Issues Events Extraction Complete
Complete cjihrig: Developer 57 of 67 Index is 56
brendanashworth: Issues/Pulls Extraction Complete
brendanashworth: Issues Comments Extraction Complete
brendanashworth: Pulls Comments Extraction Complete
brendanashworth: Issues Events Extraction Complete
Complete brendanashworth: Developer 58 of 67 Index is 57
JacksonTian: Issues/Pulls Extraction Complete
JacksonTian: Issues Comments Extraction Complete
JacksonTian: Pulls Comments Extraction Complete
JacksonTian: Issues Events Extraction Complete
Complete JacksonTian: Developer 59 of 67 Index is 58
jbergstroem: Issues/Pulls Extraction Complete
jbergstroem: Issues Comments Extraction Complete
jbergstroem: Pulls Comments Extraction Complete
jbergstroem: Issues Events Extraction Complete
Complete jbergstroem: Developer 60 of 67 Index is 59
trevnorris: Issues/Pulls Extraction Complete
trevnorris: Issues Comments Extraction Complete
trevnorris: Pulls Comments Extraction Complete
trevnorris: Issues Events Extraction Complete
Complete trevnorris: Developer 61 of 67 Index is 60
yorkie: Issues/Pulls Extraction Complete
yorkie: Issues Comments Extraction Complete
yorkie: Pulls Comments Extraction Complete
yorkie: Issues Events Extraction Complete
Complete yorkie: Developer 62 of 67 Index is 61
bnoordhuis: Issues/Pulls Extraction Complete
bnoordhuis: Issues Comments Extraction Complete
bnoordhuis: Pulls Comments Extraction Complete
bnoordhuis: Issues Events Extraction Complete
Complete bnoordhuis: Developer 63 of 67 Index is 62
rvagg: Issues/Pulls Extraction Complete
rvagg: Issues Comments Extraction Complete
rvagg: Pulls Comments Extraction Complete
rvagg: Issues Events Extraction Complete
Complete rvagg: Developer 64 of 67 Index is 63
indutny: Issues/Pulls Extraction Complete
indutny: Issues Comments Extraction Complete
indutny: Pulls Comments Extraction Complete
indutny: Issues Events Extraction Complete
Complete indutny: Developer 65 of 67 Index is 64
vkurchatkin: Issues/Pulls Extraction Complete
vkurchatkin: Issues Comments Extraction Complete
vkurchatkin: Pulls Comments Extraction Complete
vkurchatkin: Issues Events Extraction Complete
Complete vkurchatkin: Developer 66 of 67 Index is 65
saghul: Issues/Pulls Extraction Complete
saghul: Issues Comments Extraction Complete
saghul: Pulls Comments Extraction Complete
saghul: Issues Events Extraction Complete
Complete saghul: Developer 67 of 67 Index is 66
gengjiawen CSV Written
ZYSzys CSV Written
oyyd CSV Written
shisama CSV Written
ryzokuken CSV Written
mmarchini CSV Written
devsnek CSV Written
guybedford CSV Written
apapirovski CSV Written
maclover7 CSV Written
starkwang CSV Written
BridgeAR CSV Written
gabrielschulhof CSV Written
refack CSV Written
tniessen CSV Written
hashseed CSV Written
joyeecheung CSV Written
not-an-aardvark CSV Written
fhinkel CSV Written
BethGriggs CSV Written
danbev CSV Written
bzoz CSV Written
eugeneo CSV Written
vsemozhetbyt CSV Written
lance CSV Written
watilde CSV Written
AndreasMadsen CSV Written
gibfahn CSV Written
richardlau CSV Written
addaleax CSV Written
lpinca CSV Written
bengl CSV Written
MylesBorins CSV Written
TimothyGu CSV Written
gireeshpunathil CSV Written
mcollina CSV Written
zkat CSV Written
joaocgreis CSV Written
Trott CSV Written
thefourtheye CSV Written
ChALkeR CSV Written
ofrobots CSV Written
santigimeno CSV Written
mhdawson CSV Written
targos CSV Written
Fishrock123 CSV Written
silverwind CSV Written
mscdex CSV Written
evanlucas CSV Written
jasnell CSV Written
othiym23 CSV Written
sam-github CSV Written
chrisdickinson CSV Written
srl295 CSV Written
seishun CSV Written
cjihrig CSV Written
brendanashworth CSV Written
JacksonTian CSV Written
jbergstroem CSV Written
trevnorris CSV Written
yorkie CSV Written
bnoordhuis CSV Written
rvagg CSV Written
indutny CSV Written
vkurchatkin CSV Written
saghul CSV Written
gengjiawen CSV Written
starkwang CSV Written
addaleax CSV Written
TimothyGu CSV Written
santigimeno CSV Written
chrisdickinson CSV Written
cjihrig CSV Written
brendanashworth CSV Written
trevnorris CSV Written
bnoordhuis CSV Written
rvagg CSV Written
indutny CSV Written
bnoordhuis CSV Written
rvagg CSV Written
Traceback (most recent call last):
  File "Analysis_One_by_One_node.py", line 197, in <module>
    full_sleepings_list = util.getSleepingsList(super_path, project_name)
TypeError: getSleepingsList() takes 1 positional argument but 2 were given
